This file contains any messages produced by compilers while
running configure, to aid debugging if configure makes a mistake.

configure:528: checking for gcc
configure:605: checking whether the C compiler (gcc  ) works
configure:619: gcc -o conftest    conftest.c  1>&5
configure:639: checking whether the C compiler (gcc  ) is a cross-compiler
configure:644: checking whether we are using GNU C
configure:653: gcc -E conftest.c
configure:668: checking whether gcc accepts -g
configure:698: checking for ranlib
configure:754: checking for a BSD compatible install
configure:805: checking how to run the C preprocessor
configure:826: gcc -E  conftest.c >/dev/null 2>conftest.out
configure:866: checking for ANSI C header files
configure:879: gcc -E  conftest.c >/dev/null 2>conftest.out
configure:946: gcc -o conftest -g -O2   conftest.c  1>&5
configure:974: checking for linux/sound.h
configure:984: gcc -E  conftest.c >/dev/null 2>conftest.out
configure:974: checking for sys/soundlib.h
configure:984: gcc -E  conftest.c >/dev/null 2>conftest.out
configure:1012: checking for working const
configure:1066: gcc -c -g -O2  conftest.c 1>&5
configure:1087: checking for inline
configure:1101: gcc -c -g -O2  conftest.c 1>&5
configure:1127: checking whether time.h and sys/time.h may both be included
configure:1141: gcc -c -g -O2  conftest.c 1>&5
configure:1164: checking whether gcc needs -traditional
configure:1171: sgtty.h: No such file or directory
configure:1219: checking for alsa-lib package
configure:1236: gcc -o conftest -I/usr/include   conftest.c -L/usr/lib -lsound 1>&5
configure:1250: checking for alsa-utils version
